Removed Pin From Net: NetName=RS2 Pin=U2-1
Removed Pin From Net: NetName=GND_5VCC Pin=U2-2
Removed Pin From Net: NetName=+5VCC Pin=U2-3
Removed Pin From Net: NetName=RS2 Pin=U2-4
Removed Pin From Net: NetName=RS1 Pin=U4-1
Removed Pin From Net: NetName=GND_5VCC Pin=U4-2
Removed Pin From Net: NetName=+5VCC Pin=U4-3
Removed Pin From Net: NetName=RS1 Pin=U4-4
Added Component: Designator=D?(XDCR_HFBR-2531Z)
Add component (AddParameter): Name = "Check_prices"; Value = "https://www.snapeda.com/parts/HFBR-2531Z/Broadcom+Limited/view-part/?ref=eda"; VariantName = "[No Variations]"
Add component (AddParameter): Name = "MF"; Value = "Broadcom Limited"; VariantName = "[No Variations]"
Add component (AddParameter): Name = "MP"; Value = "HFBR-2531Z"; VariantName = "[No Variations]"
Add component (AddParameter): Name = "Package"; Value = "None"; VariantName = "[No Variations]"
Add component (AddParameter): Name = "SnapEDA_Link"; Value = "https://www.snapeda.com/parts/HFBR-2531Z/Broadcom+Limited/view-part/?ref=snap"; VariantName = "[No Variations]"
Add component (AddParameter): Name = "Value"; Value = ""; VariantName = "[No Variations]"
Added Pin To Net: NetName=RS1 Pin=D?-1
Added Pin To Net: NetName=RS2 Pin=D?-1
Added Pin To Net: NetName=GND_5VCC Pin=D?-2
Added Pin To Net: NetName=GND_5VCC Pin=D?-2
Added Pin To Net: NetName=+5VCC Pin=D?-3
Added Pin To Net: NetName=+5VCC Pin=D?-3
Added Pin To Net: NetName=RS1 Pin=D?-4
Added Pin To Net: NetName=RS2 Pin=D?-4
