Removed Pin From Net: NetName=NetD5_1 Pin=D5-1
Removed Pin From Net: NetName=NetD5_2 Pin=D5-2
Removed Pin From Net: NetName=NetD6_1 Pin=D6-1
Removed Pin From Net: NetName=NetD6_2 Pin=D6-2
Removed Pin From Net: NetName=NetD6_2 Pin=R5-2
Removed Pin From Net: NetName=NetD5_2 Pin=R8-2
Change Component Comment : Designator=LED? Old Comment=KP-2012SGC New Comment=LED_G
Change Component Comment : Designator=LED? Old Comment=KP-2012SGC New Comment=LED_G
Change Component Designator: OldDesignator=LED? NewDesignator=D5
Change Component Designator: OldDesignator=LED? NewDesignator=D6
Change Component Description : Designator=D6 Old Description=Description New Description=KP-2012SGC
Change Component Description : Designator=D5 Old Description=Description New Description=KP-2012SGC
Added Pin To Net: NetName=NetD6_1 Pin=D5-1
Added Pin To Net: NetName=NetD5_2 Pin=D5-2
Added Pin To Net: NetName=NetD5_1 Pin=D6-1
Added Pin To Net: NetName=NetD6_2 Pin=D6-2
Added Pin To Net: NetName=NetD5_2 Pin=R5-2
Added Pin To Net: NetName=NetD6_2 Pin=R8-2
Change Net Name : Old Net Name=NetD5_1 New Net Name=NetD6_1
Change Net Name : Old Net Name=NetD6_1 New Net Name=NetD5_1
