Change Footprint: Footprint Not Found SAMTEC_TMS-101-21-G-S - duplicate
Change Footprint: Footprint Not Found SAMTEC_TMS-101-21-G-S - duplicate
Change Footprint: Footprint Not Found SAMTEC_TMS-101-21-G-S - duplicate
Change Footprint: Footprint Not Found SAMTEC_TMS-101-21-G-S - duplicate
Change Footprint: Footprint Not Found SAMTEC_TMS-101-21-G-S - duplicate
Change Footprint: Footprint Not Found SAMTEC_TMS-101-21-G-S - duplicate
Change Footprint: Footprint Not Found SAMTEC_TMS-101-21-G-S - duplicate
Change Footprint: Footprint Not Found SAMTEC_TMS-101-21-G-S - duplicate
Change Component Comment : Designator=E_S1 Old Comment= New Comment=TMS-101-21-G-S
Change Component Comment : Designator=E_S2 Old Comment= New Comment=TMS-101-21-G-S
Change Component Comment : Designator=G_S1 Old Comment= New Comment=TMS-101-21-G-S
Change Component Comment : Designator=G_S2 Old Comment= New Comment=TMS-101-21-G-S
Change Component Comment : Designator=GND_5VCC1 Old Comment= New Comment=TMS-101-21-G-S
Change Component Comment : Designator=S1 Old Comment= New Comment=TMS-101-21-G-S
Change Component Comment : Designator=S2 Old Comment= New Comment=TMS-101-21-G-S
Change Component Comment : Designator=TP1 Old Comment= New Comment=TMS-101-21-G-S
Change component parameters: Designator = "E_S1" ("E_S1"); Footprint = "TMS-101-YY-XX-S"; UniqueID = "\YRGVBANK" ("\YRGVBANK")
Change component parameters: Designator = "E_S2" ("E_S2"); Footprint = "TMS-101-YY-XX-S"; UniqueID = "\LXCZVNRK" ("\LXCZVNRK")
Change component parameters: Designator = "G_S1" ("G_S1"); Footprint = "TMS-101-YY-XX-S"; UniqueID = "\ZJREMYWS" ("\ZJREMYWS")
Change component parameters: Designator = "G_S2" ("G_S2"); Footprint = "TMS-101-YY-XX-S"; UniqueID = "\YXVCBJGO" ("\YXVCBJGO")
Change component parameters: Designator = "GND_5VCC1" ("GND_5VCC1"); Footprint = "TMS-101-YY-XX-S"; UniqueID = "\VKSRPSIJ" ("\VKSRPSIJ")
Change component parameters: Designator = "S1" ("S1"); Footprint = "TMS-101-YY-XX-S"; UniqueID = "\EIAISVYD" ("\EIAISVYD")
Change component parameters: Designator = "S2" ("S2"); Footprint = "TMS-101-YY-XX-S"; UniqueID = "\WCNGGQNL" ("\WCNGGQNL")
Change component parameters: Designator = "TP1" ("TP1"); Footprint = "TMS-101-YY-XX-S"; UniqueID = "\ESMYHQJM" ("\ESMYHQJM")
