Change Footprint: Footprint Not Found TMS
Change Footprint: Footprint Not Found TMS
Change Footprint: Footprint Not Found TMS
Change Footprint: Footprint Not Found TMS
Change Footprint: Footprint Not Found TMS
Change Footprint: Footprint Not Found TMS
Change Footprint: Footprint Not Found TMS
Change Component Comment : Designator=E_S1 Old Comment= New Comment=TMS-101-21-G-S
Change Component Comment : Designator=E_S2 Old Comment= New Comment=TMS-101-21-G-S
Change Component Comment : Designator=G_S2 Old Comment= New Comment=TMS-101-21-G-S
Change Component Comment : Designator=GND_5VCC1 Old Comment= New Comment=TMS-101-21-G-S
Change Component Comment : Designator=S1 Old Comment= New Comment=TMS-101-21-G-S
Change Component Comment : Designator=S2 Old Comment= New Comment=TMS-101-21-G-S
Change Component Comment : Designator=TP1 Old Comment= New Comment=TMS-101-21-G-S
Change component parameters: Designator = "E_S1" ("E_S1"); Footprint = "TMS-101-YY-XX-S"; UniqueID = "\KWMZXFMW" ("\KWMZXFMW")
Change component parameters: Designator = "E_S2" ("E_S2"); Footprint = "TMS-101-YY-XX-S"; UniqueID = "\BBRTAOXY" ("\BBRTAOXY")
Change component parameters: Designator = "G_S2" ("G_S2"); Footprint = "TMS-101-YY-XX-S"; UniqueID = "\HHFZMRGW" ("\HHFZMRGW")
Change component parameters: Designator = "GND_5VCC1" ("GND_5VCC1"); Footprint = "TMS-101-YY-XX-S"; UniqueID = "\UQGHRTRR" ("\UQGHRTRR")
Change component parameters: Designator = "S1" ("S1"); Footprint = "TMS-101-YY-XX-S"; UniqueID = "\UHAZIKPR" ("\UHAZIKPR")
Change component parameters: Designator = "S2" ("S2"); Footprint = "TMS-101-YY-XX-S"; UniqueID = "\UCYPKEZL" ("\UCYPKEZL")
Change component parameters: Designator = "TP1" ("TP1"); Footprint = "TMS-101-YY-XX-S"; UniqueID = "\DTFAZUHA" ("\DTFAZUHA")
